0 info it worked if it ends with ok
1 verbose cli [ '/usr/local/bin/node', '/usr/local/bin/npm', 'run', 'build' ]
2 info using npm@4.1.2
3 info using node@v7.4.0
4 verbose run-script [ 'prebuild', 'build', 'postbuild' ]
5 info lifecycle todoapp@1.0.0~prebuild: todoapp@1.0.0
6 silly lifecycle todoapp@1.0.0~prebuild: no script for prebuild, continuing
7 info lifecycle todoapp@1.0.0~build: todoapp@1.0.0
8 verbose lifecycle todoapp@1.0.0~build: unsafe-perm in lifecycle true
9 verbose lifecycle todoapp@1.0.0~build: PATH: /usr/local/lib/node_modules/npm/bin/node-gyp-bin:/home/mi6/Documents/GitHub/TODO/node_modules/.bin:/home/mi6/anaconda2/bin:/home/mi6/bin:/home/mi6/.local/bin:/home/mi6/anaconda2/bin:/home/mi6/bin:/home/mi6/.local/bin:/usr/local/sbin:/usr/local/bin:/usr/sbin:/usr/bin:/sbin:/bin:/usr/games:/usr/local/games:/usr/lib/jvm/java-8-oracle/bin:/usr/lib/jvm/java-8-oracle/db/bin:/usr/lib/jvm/java-8-oracle/jre/bin:/usr/lib/jvm/java-8-oracle/bin:/usr/lib/jvm/java-8-oracle/db/bin:/usr/lib/jvm/java-8-oracle/jre/bin:/home/mi6/Android/Sdk/platform-tools:/home/mi6/Android/Sdk/tools:/home/mi6/Android/Sdk/platform-tools:/home/mi6/Android/Sdk/tools
10 verbose lifecycle todoapp@1.0.0~build: CWD: /home/mi6/Documents/GitHub/TODO
11 silly lifecycle todoapp@1.0.0~build: Args: [ '-c',
11 silly lifecycle   'electron-packager . todoapp --overwrite --platform=win32 --arch=all --icon=assets/icons/png/1024x1024.png --out=build' ]
12 silly lifecycle todoapp@1.0.0~build: Returned: code: 1  signal: null
13 info lifecycle todoapp@1.0.0~build: Failed to exec build script
14 verbose stack Error: todoapp@1.0.0 build: `electron-packager . todoapp --overwrite --platform=win32 --arch=all --icon=assets/icons/png/1024x1024.png --out=build`
14 verbose stack Exit status 1
14 verbose stack     at EventEmitter.<anonymous> (/usr/local/lib/node_modules/npm/lib/utils/lifecycle.js:279:16)
14 verbose stack     at emitTwo (events.js:106:13)
14 verbose stack     at EventEmitter.emit (events.js:191:7)
14 verbose stack     at ChildProcess.<anonymous> (/usr/local/lib/node_modules/npm/lib/utils/spawn.js:40:14)
14 verbose stack     at emitTwo (events.js:106:13)
14 verbose stack     at ChildProcess.emit (events.js:191:7)
14 verbose stack     at maybeClose (internal/child_process.js:885:16)
14 verbose stack     at Process.ChildProcess._handle.onexit (internal/child_process.js:226:5)
15 verbose pkgid todoapp@1.0.0
16 verbose cwd /home/mi6/Documents/GitHub/TODO
17 error Linux 4.4.0-59-generic
18 error argv "/usr/local/bin/node" "/usr/local/bin/npm" "run" "build"
19 error node v7.4.0
20 error npm  v4.1.2
21 error code ELIFECYCLE
22 error todoapp@1.0.0 build: `electron-packager . todoapp --overwrite --platform=win32 --arch=all --icon=assets/icons/png/1024x1024.png --out=build`
22 error Exit status 1
23 error Failed at the todoapp@1.0.0 build script 'electron-packager . todoapp --overwrite --platform=win32 --arch=all --icon=assets/icons/png/1024x1024.png --out=build'.
23 error Make sure you have the latest version of node.js and npm installed.
23 error If you do, this is most likely a problem with the todoapp package,
23 error not with npm itself.
23 error Tell the author that this fails on your system:
23 error     electron-packager . todoapp --overwrite --platform=win32 --arch=all --icon=assets/icons/png/1024x1024.png --out=build
23 error You can get information on how to open an issue for this project with:
23 error     npm bugs todoapp
23 error Or if that isn't available, you can get their info via:
23 error     npm owner ls todoapp
23 error There is likely additional logging output above.
24 verbose exit [ 1, true ]
